2026-02-08 19:01:04,587  - INFO - Reading Parquet File
2026-02-08 19:01:05,551  - INFO - Loaded 3,475,226 rows
2026-02-08 19:01:05,552  - INFO - Cleaning & Transforming Data
2026-02-08 19:01:08,151  - INFO - After Cleaning: 0 rows remain
2026-02-08 19:02:25,575  - INFO - Reading Parquet File
2026-02-08 19:02:26,071  - INFO - Loaded 3,475,226 rows
2026-02-08 19:02:26,072  - INFO - Cleaning & Transforming Data
2026-02-08 19:02:30,792  - INFO - After Cleaning: 3,295,147 rows remain
2026-02-08 19:04:40,416  - INFO - Reading Parquet File
2026-02-08 19:04:40,869  - INFO - Loaded 3,475,226 rows
2026-02-08 19:04:40,869  - INFO - Cleaning & Transforming Data
2026-02-08 19:04:45,247  - INFO - After Cleaning: 3,295,147 rows remain
2026-02-08 19:06:39,549  - INFO - Reading Parquet File
2026-02-08 19:06:40,162  - INFO - Loaded 3,475,226 rows
2026-02-08 19:06:40,162  - INFO - Cleaning & Transforming Data
2026-02-08 19:06:44,481  - INFO - After Cleaning: 3,295,147 rows remain
2026-02-09 09:10:29,019  - INFO - Reading Parquet File
2026-02-09 09:10:30,239  - INFO - Loaded 3,475,226 rows
2026-02-09 09:10:30,239  - INFO - Cleaning & Transforming Data
2026-02-09 09:10:34,779  - INFO - After Cleaning: 3,295,147 rows remain
2026-02-09 09:10:34,779  - INFO - Loading to postgresql+psycopg2://postgres:4121@localhost:5432/nyc_taxi table: yellow_taxi_trips
2026-02-09 09:50:28,787  - INFO - Reading Parquet File
2026-02-09 09:50:30,656  - INFO - Loaded 3,475,226 rows
2026-02-09 09:50:30,658  - INFO - Cleaning & Transforming Data
2026-02-09 09:50:37,460  - INFO - After Cleaning: 3,295,147 rows remain
2026-02-09 09:50:37,460  - INFO - Loading to postgresql+psycopg2://postgres:4121@localhost:5432/nyc_taxi table: yellow_taxi_trips
2026-02-09 10:54:18,633  - INFO - Load Finished
2026-02-09 10:54:21,977  - INFO - Rows in database: 3,295,147
2026-02-09 10:54:22,047  - INFO - 
Sample rows:
 VendorID tpep_pickup_datetime tpep_dropoff_datetime  passenger_count  trip_distance  RatecodeID store_and_fwd_flag  PULocationID  DOLocationID  payment_type  fare_amount  extra  mta_tax  tip_amount  tolls_amount  improvement_surcharge  total_amount  congestion_surcharge  Airport_fee  cbd_congestion_fee  trip_duration_minutes  avg_speed_mph
        1  2025-01-01 00:18:38   2025-01-01 00:26:59              1.0           1.60         1.0                  N           229           237             1         10.0    3.5      0.5        3.00           0.0                    1.0         18.00                   2.5          0.0                 0.0                   8.35          11.50
        1  2025-01-01 00:32:40   2025-01-01 00:35:13              1.0           0.50         1.0                  N           236           237             1          5.1    3.5      0.5        2.02           0.0                    1.0         12.12                   2.5          0.0                 0.0                   2.55          11.76
        1  2025-01-01 00:44:04   2025-01-01 00:46:01              1.0           0.60         1.0                  N           141           141             1          5.1    3.5      0.5        2.00           0.0                    1.0         12.10                   2.5          0.0                 0.0                   1.95          18.46
        2  2025-01-01 00:14:27   2025-01-01 00:20:01              3.0           0.52         1.0                  N           244           244             2          7.2    1.0      0.5        0.00           0.0                    1.0          9.70                   0.0          0.0                 0.0                   5.57           5.60
        2  2025-01-01 00:21:34   2025-01-01 00:25:06              3.0           0.66         1.0                  N           244           116             2          5.8    1.0      0.5        0.00           0.0                    1.0          8.30                   0.0          0.0                 0.0                   3.53          11.21
2026-02-09 10:54:22,050  - INFO - ETL Completed in 3833.3 seconds
